<?xml version='1.0' encoding='UTF-8'?>
<testsuite hostname="gurkan-G3-3579" name="tags.TagTest" tests="8" errors="0" failures="0" skipped="0" time="0.017" timestamp="2019-06-23T18:57:46">
                     <properties>
      <property name="awt.toolkit" value="sun.awt.X11.XToolkit"/><property name="java.specification.version" value="12"/><property name="sun.jnu.encoding" value="UTF-8"/><property name="sun.arch.data.model" value="64"/><property name="java.vendor.url" value="https://java.oracle.com/"/><property name="sun.boot.library.path" value="/usr/lib/jvm/jdk-12/lib"/><property name="sun.java.command" value="/usr/share/sbt/bin/sbt-launch.jar"/><property name="jdk.debug" value="release"/><property name="java.specification.vendor" value="Oracle Corporation"/><property name="java.version.date" value="2019-03-19"/><property name="java.home" value="/usr/lib/jvm/jdk-12"/><property name="file.separator" value="/"/><property name="java.vm.compressedOopsMode" value="32-bit"/><property name="line.separator" value="
"/><property name="java.vm.specification.vendor" value="Oracle Corporation"/><property name="java.specification.name" value="Java Platform API Specification"/><property name="sun.management.compiler" value="HotSpot 64-Bit Tiered Compilers"/><property name="java.runtime.version" value="12+33"/><property name="user.name" value="gurkan"/><property name="file.encoding" value="UTF-8"/><property name="jnidispatch.path" value="/tmp/jna--1234610668/jna8353391710730211225.tmp"/><property name="jna.loaded" value="true"/><property name="java.io.tmpdir" value="/tmp"/><property name="java.version" value="12"/><property name="java.vm.specification.name" value="Java Virtual Machine Specification"/><property name="java.library.path" value="/usr/java/packages/lib:/usr/lib64:/lib64:/lib:/usr/lib"/><property name="java.vendor" value="Oracle Corporation"/><property name="scala.ext.dirs" value="/home/gurkan/.sbt/0.13/java9-rt-ext-oracle_corporation_12"/><property name="sun.io.unicode.encoding" value="UnicodeLittle"/><property name="sun.desktop" value="gnome"/><property name="java.class.path" value="/usr/share/sbt/bin/sbt-launch.jar"/><property name="java.vm.vendor" value="Oracle Corporation"/><property name="jline.shutdownhook" value="false"/><property name="user.timezone" value="Europe/Istanbul"/><property name="java.vm.specification.version" value="12"/><property name="os.name" value="Linux"/><property name="sun.java.launcher" value="SUN_STANDARD"/><property name="user.country" value="US"/><property name="sun.cpu.endian" value="little"/><property name="user.home" value="/home/gurkan"/><property name="user.language" value="en"/><property name="java.awt.graphicsenv" value="sun.awt.X11GraphicsEnvironment"/><property name="jline.esc.timeout" value="0"/><property name="path.separator" value=":"/><property name="os.version" value="4.15.0-52-generic"/><property name="jna.nosys" value="true"/><property name="java.runtime.name" value="Java(TM) SE Runtime Environment"/><property name="java.vm.name" value="Java HotSpot(TM) 64-Bit Server VM"/><property name="jna.platform.library.path" value="/usr/lib/x86_64-linux-gnu:/lib/x86_64-linux-gnu:/lib64:/usr/lib:/lib:/lib/i386-linux-gnu:/usr/lib32:/usr/lib/i386-linux-gnu:/lib32:/usr/lib/i386-linux-gnu/sse2:/usr/lib/x86_64-linux-gnu/libfakeroot:/usr/lib/x86_64-linux-gnu/mesa:/usr/lib/i386-linux-gnu/mesa:/usr/lib/x86_64-linux-gnu/mesa-egl:/usr/lib/i386-linux-gnu/mesa-egl"/><property name="java.vendor.url.bug" value="https://bugreport.java.com/bugreport/"/><property name="user.dir" value="/home/gurkan/Desktop/NativeMarkdownConverter"/><property name="os.arch" value="amd64"/><property name="java.vm.info" value="mixed mode, sharing"/><property name="java.vm.version" value="12+33"/><property name="java.class.version" value="56.0"/>
    </properties>
                     <testcase classname="tags.TagTest" name="convertToHtml method should successfully convert the given native markdown input to the html tags" time="0.016">
                                                 
                                               </testcase><testcase classname="tags.TagTest" name="boldTag convert method should successfully convert the native markdown bold tag to html bold tag" time="0.0">
                                                 
                                               </testcase><testcase classname="tags.TagTest" name="italicTag convert method should successfully convert the native markdown italic tag to html italic tag" time="0.0">
                                                 
                                               </testcase><testcase classname="tags.TagTest" name="underlineTag convert method should successfully convert the native markdown underline tag to html underline tag" time="0.0">
                                                 
                                               </testcase><testcase classname="tags.TagTest" name="newLineTag convert method should successfully convert the newlines to html newLine tag" time="0.0">
                                                 
                                               </testcase><testcase classname="tags.TagTest" name="imageTag convert method should successfully convert the native markdown image tag to html image tag" time="0.001">
                                                 
                                               </testcase><testcase classname="tags.TagTest" name="imageTag convert method should use the url attribute without extension part for the alt attribute if alt attribute is omitted" time="0.0">
                                                 
                                               </testcase><testcase classname="tags.TagTest" name="linkTag convert method should successfully convert the native markdown link tag to the html link tag" time="0.0">
                                                 
                                               </testcase>
                     <system-out><![CDATA[]]></system-out>
                     <system-err><![CDATA[]]></system-err>
                   </testsuite>